<?xml version="1.0" encoding="UTF-8"?>
<testsuite xmlns:xsi="http://www.w3.org/2001/XMLSchema-instance" xsi:noNamespaceSchemaLocation="https://maven.apache.org/surefire/maven-surefire-plugin/xsd/surefire-test-report.xsd" name="com.example.demo.DeleteSlideshowTest" time="4.478" tests="3" errors="0" skipped="0" failures="2">
  <properties>
[...]
</properties>
  <testcase name="testDeleteSlideshow_ServerError" classname="com.example.demo.DeleteSlideshowTest" time="0.223">
    <failure message="Status expected:&lt;500&gt; but was:&lt;404&gt;" type="java.lang.AssertionError"><![CDATA[java.lang.AssertionError: Status expected:<500> but was:<404>
	at com.example.demo.DeleteSlideshowTest.testDeleteSlideshow_ServerError(DeleteSlideshowTest.java:75)
]]></failure>
    <system-out><![CDATA[00:56:26.633 [main] DEBUG org.springframework.test.context.BootstrapUtils - Instantiating CacheAwareContextLoaderDelegate from class [org.springframework.test.context.cache.DefaultCacheAwareContextLoaderDelegate]
00:56:26.647 [main] DEBUG org.springframework.test.context.BootstrapUtils - Instantiating BootstrapContext using constructor [public org.springframework.test.context.support.DefaultBootstrapContext(java.lang.Class,org.springframework.test.context.CacheAwareContextLoaderDelegate)]
00:56:26.682 [main] DEBUG org.springframework.test.context.BootstrapUtils - Instantiating TestContextBootstrapper for test class [com.example.demo.DeleteSlideshowTest] from class [org.springframework.boot.test.context.SpringBootTestContextBootstrapper]
00:56:26.690 [main] INFO org.springframework.boot.test.context.SpringBootTestContextBootstrapper - Neither @ContextConfiguration nor @ContextHierarchy found for test class [com.example.demo.DeleteSlideshowTest], using SpringBootContextLoader
00:56:26.694 [main] DEBUG org.springframework.test.context.support.AbstractContextLoader - Did not detect default resource location for test class [com.example.demo.DeleteSlideshowTest]: class path resource [com/example/demo/DeleteSlideshowTest-context.xml] does not exist
00:56:26.694 [main] DEBUG org.springframework.test.context.support.AbstractContextLoader - Did not detect default resource location for test class [com.example.demo.DeleteSlideshowTest]: class path resource [com/example/demo/DeleteSlideshowTestContext.groovy] does not exist
00:56:26.694 [main] INFO org.springframework.test.context.support.AbstractContextLoader - Could not detect default resource locations for test class [com.example.demo.DeleteSlideshowTest]: no resource found for suffixes {-context.xml, Context.groovy}.
00:56:26.695 [main] INFO org.springframework.test.context.support.AnnotationConfigContextLoaderUtils - Could not detect default configuration classes for test class [com.example.demo.DeleteSlideshowTest]: DeleteSlideshowTest does not declare any static, non-private, non-final, nested classes annotated with @Configuration.
00:56:26.741 [main] DEBUG org.springframework.test.context.support.ActiveProfilesUtils - Could not find an 'annotation declaring class' for annotation type [org.springframework.test.context.ActiveProfiles] and class [com.example.demo.DeleteSlideshowTest]
00:56:26.818 [main] DEBUG org.springframework.context.annotation.ClassPathScanningCandidateComponentProvider - Identified candidate component class: file [D:\demo\target\classes\com\example\demo\DemoApplication.class]
00:56:26.834 [main] INFO org.springframework.boot.test.context.SpringBootTestContextBootstrapper - Found @SpringBootConfiguration com.example.demo.DemoApplication for test class com.example.demo.DeleteSlideshowTest
00:56:26.915 [main] DEBUG org.springframework.boot.test.context.SpringBootTestContextBootstrapper - @TestExecutionListeners is not present for class [com.example.demo.DeleteSlideshowTest]: using defaults.
00:56:26.915 [main] INFO org.springframework.boot.test.context.SpringBootTestContextBootstrapper - Loaded default TestExecutionListener class names from location [META-INF/spring.factories]: [org.springframework.boot.test.mock.mockito.MockitoTestExecutionListener, org.springframework.boot.test.mock.mockito.ResetMocksTestExecutionListener, org.springframework.boot.test.autoconfigure.restdocs.RestDocsTestExecutionListener, org.springframework.boot.test.autoconfigure.web.client.MockRestServiceServerResetTestExecutionListener, org.springframework.boot.test.autoconfigure.web.servlet.MockMvcPrintOnlyOnFailureTestExecutionListener, org.springframework.boot.test.autoconfigure.web.servlet.WebDriverTestExecutionListener, org.springframework.boot.test.autoconfigure.webservices.client.MockWebServiceServerTestExecutionListener, org.springframework.test.context.web.ServletTestExecutionListener, org.springframework.test.context.support.DirtiesContextBeforeModesTestExecutionListener, org.springframework.test.context.event.ApplicationEventsTestExecutionListener, org.springframework.test.context.support.DependencyInjectionTestExecutionListener, org.springframework.test.context.support.DirtiesContextTestExecutionListener, org.springframework.test.context.transaction.TransactionalTestExecutionListener, org.springframework.test.context.jdbc.SqlScriptsTestExecutionListener, org.springframework.test.context.event.EventPublishingTestExecutionListener]
00:56:26.925 [main] DEBUG org.springframework.boot.test.context.SpringBootTestContextBootstrapper - Skipping candidate TestExecutionListener [org.springframework.test.context.transaction.TransactionalTestExecutionListener] due to a missing dependency. Specify custom listener classes or make the default listener classes and their required dependencies available. Offending class: [org/springframework/transaction/interceptor/TransactionAttributeSource]
00:56:26.925 [main] DEBUG org.springframework.boot.test.context.SpringBootTestContextBootstrapper - Skipping candidate TestExecutionListener [org.springframework.test.context.jdbc.SqlScriptsTestExecutionListener] due to a missing dependency. Specify custom listener classes or make the default listener classes and their required dependencies available. Offending class: [org/springframework/transaction/interceptor/TransactionAttribute]
00:56:26.926 [main] INFO org.springframework.boot.test.context.SpringBootTestContextBootstrapper - Using TestExecutionListeners: [org.springframework.test.context.web.ServletTestExecutionListener@1603cd68, org.springframework.test.context.support.DirtiesContextBeforeModesTestExecutionListener@9ebe38b, org.springframework.test.context.event.ApplicationEventsTestExecutionListener@4b23c30a, org.springframework.boot.test.mock.mockito.MockitoTestExecutionListener@38089a5a, org.springframework.boot.test.autoconfigure.SpringBootDependencyInjectionTestExecutionListener@30e868be, org.springframework.test.context.support.DirtiesContextTestExecutionListener@66c92293, org.springframework.test.context.event.EventPublishingTestExecutionListener@332796d3, org.springframework.boot.test.mock.mockito.ResetMocksTestExecutionListener@4f0100a7, org.springframework.boot.test.autoconfigure.restdocs.RestDocsTestExecutionListener@3cdf2c61, org.springframework.boot.test.autoconfigure.web.client.MockRestServiceServerResetTestExecutionListener@13ad5cd3, org.springframework.boot.test.autoconfigure.web.servlet.MockMvcPrintOnlyOnFailureTestExecutionListener@1c33c17b, org.springframework.boot.test.autoconfigure.web.servlet.WebDriverTestExecutionListener@5bf0fe62, org.springframework.boot.test.autoconfigure.webservices.client.MockWebServiceServerTestExecutionListener@1e097d59]
00:56:26.929 [main] DEBUG org.springframework.test.context.support.AbstractDirtiesContextTestExecutionListener - Before test class: context [DefaultTestContext@76f4b65 testClass = DeleteSlideshowTest, testInstance = [null], testMethod = [null], testException = [null], mergedContextConfiguration = [WebMergedContextConfiguration@c94fd30 testClass = DeleteSlideshowTest, locations = '{}', classes = '{class com.example.demo.DemoApplication}', contextInitializerClasses = '[]', activeProfiles = '{}', propertySourceLocations = '{}', propertySourceProperties = '{org.springframework.boot.test.context.SpringBootTestContextBootstrapper=true}', contextCustomizers = set[org.springframework.boot.test.context.filter.ExcludeFilterContextCustomizer@6da21078, org.springframework.boot.test.json.DuplicateJsonObjectContextCustomizerFactory$DuplicateJsonObjectContextCustomizer@56cdfb3b, org.springframework.boot.test.mock.mockito.MockitoContextCustomizer@90d01227, org.springframework.boot.test.web.client.TestRestTemplateContextCustomizer@5d0a1059, org.springframework.boot.test.autoconfigure.actuate.metrics.MetricsExportContextCustomizerFactory$DisableMetricExportContextCustomizer@6e0f5f7f, org.springframework.boot.test.autoconfigure.properties.PropertyMappingContextCustomizer@0, org.springframework.boot.test.autoconfigure.web.servlet.WebDriverContextCustomizerFactory$Customizer@27462a88, org.springframework.boot.test.context.SpringBootTestArgs@1, org.springframework.boot.test.context.SpringBootTestWebEnvironment@458c1321], resourceBasePath = 'src/main/webapp', contextLoader = 'org.springframework.boot.test.context.SpringBootContextLoader', parent = [null]], attributes = map['org.springframework.test.context.web.ServletTestExecutionListener.activateListener' -> true]], class annotated with @DirtiesContext [false] with mode [null].
00:56:26.958 [main] DEBUG org.springframework.test.context.support.TestPropertySourceUtils - Adding inlined properties to environment: {spring.jmx.enabled=false, org.springframework.boot.test.context.SpringBootTestContextBootstrapper=true}

  .   ____          _            __ _ _
 /\\ / ___'_ __ _ _(_)_ __  __ _ \ \ \ \
( ( )\___ | '_ | '_| | '_ \/ _` | \ \ \ \
 \\/  ___)| |_)| | | | | || (_| |  ) ) ) )
  '  |____| .__|_| |_|_| |_\__, | / / / /
 =========|_|==============|___/=/_/_/_/
 :: Spring Boot ::                (v2.5.4)

2025-02-18 00:56:27.239  INFO 12588 --- [           main] com.example.demo.DeleteSlideshowTest     : Starting DeleteSlideshowTest using Java 14.0.2 on mobile196 with PID 12588 (started by user in D:\demo)
2025-02-18 00:56:27.243  INFO 12588 --- [           main] com.example.demo.DeleteSlideshowTest     : No active profile set, falling back to default profiles: default
[EL Info]: 2025-02-18 00:56:28.626--ServerSession(686717934)--EclipseLink, version: Eclipse Persistence Services - 2.7.7.v20200504-69f2c2b80d
2025-02-18 00:56:30.735  INFO 12588 --- [           main] com.example.demo.DeleteSlideshowTest     : Started DeleteSlideshowTest in 3.77 seconds (JVM running for 4.833)
2025-02-18 00:56:30.777  INFO 12588 --- [           main] o.s.b.t.m.w.SpringBootMockServletContext : Initializing Spring TestDispatcherServlet ''
2025-02-18 00:56:30.778  INFO 12588 --- [           main] o.s.t.web.servlet.TestDispatcherServlet  : Initializing Servlet ''
2025-02-18 00:56:30.779  INFO 12588 --- [           main] o.s.t.web.servlet.TestDispatcherServlet  : Completed initialization in 1 ms
]]></system-out>
  </testcase>
  <testcase name="testDeleteSlideshow_NotFound" classname="com.example.demo.DeleteSlideshowTest" time="0.058"/>
  <testcase name="testDeleteSlideshow_Success" classname="com.example.demo.DeleteSlideshowTest" time="0.009">
    <failure message="Status expected:&lt;200&gt; but was:&lt;404&gt;" type="java.lang.AssertionError"><![CDATA[java.lang.AssertionError: Status expected:<200> but was:<404>
	at com.example.demo.DeleteSlideshowTest.testDeleteSlideshow_Success(DeleteSlideshowTest.java:47)
]]></failure>
    <system-out><![CDATA[2025-02-18 00:56:31.047  INFO 12588 --- [           main] o.s.b.t.m.w.SpringBootMockServletContext : Initializing Spring TestDispatcherServlet ''
2025-02-18 00:56:31.047  INFO 12588 --- [           main] o.s.t.web.servlet.TestDispatcherServlet  : Initializing Servlet ''
2025-02-18 00:56:31.048  INFO 12588 --- [           main] o.s.t.web.servlet.TestDispatcherServlet  : Completed initialization in 1 ms
]]></system-out>
  </testcase>
</testsuite>